const a = 10;
undefined
a = 120;
VM77:1 Uncaught TypeError: Assignment to constant variable.
    at <anonymous>:1:3
(anonymous) @ VM77:1
const arr = [10 , 20 ,30 , 40 , 50];
undefined
arr.push(60);
6
arr;
(6) [10, 20, 30, 40, 50, 60]
arr = [];
VM219:1 Uncaught TypeError: Assignment to constant variable.
    at <anonymous>:1:5
(anonymous) @ VM219:1
{}
{}
{
    let a = 10;
    console.log(a);
    {
        let a = 20;
        console.log(a);
        {
            let a = 30;
            console.log(a);
            {
                let a = 40;
                consolow.log(a);
            }
        }
    }
}
VM385:3 10
VM385:6 20
VM385:9 30
VM385:12 Uncaught ReferenceError: consolow is not defined
    at <anonymous>:12:17
(anonymous) @ VM385:12
{
    let a = 10;
    console.log(a);
    {
        let a = 20;
        console.log(a);
        {
            let a = 30;
            console.log(a);
            {
                let a = 40;
                console.log(a);
            }
        }
    }
}
VM392:3 10
VM392:6 20
VM392:9 30
VM392:12 40
undefined
{
    let a = 10;
    console.log(a);
    {
        let a = 20;
        console.log(a);
        {
            let a = 30;
            console.log(a);
            {
                
                console.log(a);
                let a = 40;
            }
        }
    }
}
VM414:3 10
VM414:6 20
VM414:9 30
VM414:12 Uncaught ReferenceError: Cannot access 'a' before initialization
    at <anonymous>:12:29
(anonymous) @ VM414:12
function add(a , b){
    return a + b;
}
undefined
function a(a , b){
    return function(c){
        return a + c;
    }
}
VM568:1 Uncaught SyntaxError: Identifier 'a' has already been declared
    at <anonymous>:1:1
(anonymous) @ VM568:1
function func1(a , b){
    return function (c){
        return a + c;
    }
}
undefined
let funcCall = func1(10 , 20);
undefined
funcCall(30);
40
func1(20 , 30)(40);
60
function hof(callback){
    console.log("I am HOF");
    callback();
}
undefined
hof(()=>console.log("I am Callback"));
VM858:2 I am HOF
VM925:1 I am Callback
undefined
let original = 10;
undefined
let vopy = original;
undefined
let copy = original;
undefined
copy = 90;
90
original;
10
arr;
(6) [10, 20, 30, 40, 50, 60]
let copyArr = arr;
undefined
copyArr;
(6) [10, 20, 30, 40, 50, 60]
copyArr[4] = 900;
900
copyArr;
(6) [10, 20, 30, 40, 900, 60]
arr;
(6) [10, 20, 30, 40, 900, 60]
//Spread
undefined
arr;
(6) [10, 20, 30, 40, 900, 60]
let arr1 = [...arr];
undefined
arr1;
(6) [10, 20, 30, 40, 900, 60]
let arr2 = [...arr , ...arr1];
undefined
arr2;
(12) [10, 20, 30, 40, 900, 60, 10, 20, 30, 40, 900, 60]
let yash = {
    name  : "Yash",
    course : "Btech",
    CN : 50,
    maths : 70,
    DBMS : 80
};

undefined
let copyYash = {...yash};
undefined
copyYash;
{name: 'Yash', course: 'Btech', CN: 50, maths: 70, DBMS: 80}
function add(a , b){
    return a + b;
}
undefined
function add(a , b , ...rest){
    let sum = 0;
    for(let ele of rest){
        sum += ele;
    }
    return a + b + sum;
    
}
undefined
add(10 , 20 , 30 , 40 , 50 , 60 ,70 , 80);
360
add(10 , 20 , 30 , 40 , 50 , 60 ,"70");
'3018070'
yash;
{name: 'Yash', course: 'Btech', CN: 50, maths: 70, DBMS: 80}
const yash1 = {CN : 90};
undefined
let yash2 = {...yash , ...yash1};
undefined
yash2;
{name: 'Yash', course: 'Btech', CN: 90, maths: 70, DBMS: 80}
function add(){
    let sum = 0;
    for(let ele of arguments){
        sum += ele;
    }
    return sum;
    
}
undefined
add(10 , 20);
30
add(10 , 20 , 40 , 60);
130
add;
ƒ add(){
    let sum = 0;
    for(let ele of arguments){
        sum += ele;
    }
    return sum;
    
}
window;
Window {window: Window, self: Window, document: document, name: '', location: Location, …}add: ƒ add()arguments: nullcaller: nulllength: 0name: "add"prototype: {}[[FunctionLocation]]: VM2103:1[[Prototype]]: ƒ ()[[Scopes]]: Scopes[2]alert: ƒ alert()atob: ƒ atob()blur: ƒ blur()btoa: ƒ btoa()cancelAnimationFrame: ƒ cancelAnimationFrame()cancelIdleCallback: ƒ cancelIdleCallback()captureEvents: ƒ captureEvents()chrome: {loadTimes: ƒ, csi: ƒ}clearInterval: ƒ clearInterval()clearTimeout: ƒ clearTimeout()clientInformation: Navigator {vendorSub: '', productSub: '20030107', vendor: 'Google Inc.', maxTouchPoints: 0, scheduling: Scheduling, …}close: ƒ close()closed: falseconfirm: ƒ confirm()createImageBitmap: ƒ createImageBitmap()credentialless: falsecrossOriginIsolated: falsecrypto: Crypto {}customElements: CustomElementRegistry {}devicePixelRatio: 1document: documentevent: undefinedexternal: External {}fetch: ƒ fetch()find: ƒ find()focus: ƒ focus()frameElement: nullframes: Window {window: Window, self: Window, document: document, name: '', location: Location, …}func1: ƒ func1(a , b)getComputedStyle: ƒ getComputedStyle()getSelection: ƒ getSelection()history: History {length: 2, scrollRestoration: 'auto', state: null}hof: ƒ hof(callback)indexedDB: IDBFactory {}innerHeight: 967innerWidth: 305isSecureContext: falselength: 0localStorage: (...)location: Location {ancestorOrigins: DOMStringList, href: 'about:blank', origin: 'null', protocol: 'about:', host: '', …}locationbar: BarProp {visible: true}matchMedia: ƒ matchMedia()menubar: BarProp {visible: true}moveBy: ƒ moveBy()moveTo: ƒ moveTo()name: ""navigation: Navigation {currentEntry: null, transition: null, canGoBack: false, canGoForward: false, onnavigate: null, …}navigator: Navigator {vendorSub: '', productSub: '20030107', vendor: 'Google Inc.', maxTouchPoints: 0, scheduling: Scheduling, …}onabort: nullonafterprint: nullonanimationend: nullonanimationiteration: nullonanimationstart: nullonappinstalled: nullonauxclick: nullonbeforeinput: nullonbeforeinstallprompt: nullonbeforematch: nullonbeforeprint: nullonbeforetoggle: nullonbeforeunload: nullonbeforexrselect: nullonblur: nulloncancel: nulloncanplay: nulloncanplaythrough: nullonchange: nullonclick: nullonclose: nulloncontentvisibilityautostatechange: nulloncontextlost: nulloncontextmenu: nulloncontextrestored: nulloncuechange: nullondblclick: nullondrag: nullondragend: nullondragenter: nullondragleave: nullondragover: nullondragstart: nullondrop: nullondurationchange: nullonemptied: nullonended: nullonerror: nullonfocus: nullonformdata: nullongotpointercapture: nullonhashchange: nulloninput: nulloninvalid: nullonkeydown: nullonkeypress: nullonkeyup: nullonlanguagechange: nullonload: nullonloadeddata: nullonloadedmetadata: nullonloadstart: nullonlostpointercapture: nullonmessage: nullonmessageerror: nullonmousedown: nullonmouseenter: nullonmouseleave: nullonmousemove: nullonmouseout: nullonmouseover: nullonmouseup: nullonmousewheel: nullonoffline: nullononline: nullonpagehide: nullonpagereveal: nullonpageshow: nullonpageswap: nullonpause: nullonplay: nullonplaying: nullonpointercancel: nullonpointerdown: nullonpointerenter: nullonpointerleave: nullonpointermove: nullonpointerout: nullonpointerover: nullonpointerrawupdate: nullonpointerup: nullonpopstate: nullonprogress: nullonratechange: nullonrejectionhandled: nullonreset: nullonresize: nullonscroll: nullonscrollend: nullonscrollsnapchange: nullonscrollsnapchanging: nullonsearch: nullonsecuritypolicyviolation: nullonseeked: nullonseeking: nullonselect: nullonselectionchange: nullonselectstart: nullonslotchange: nullonstalled: nullonstorage: nullonsubmit: nullonsuspend: nullontimeupdate: nullontoggle: nullontransitioncancel: nullontransitionend: nullontransitionrun: nullontransitionstart: nullonunhandledrejection: nullonunload: nullonvolumechange: nullonwaiting: nullonwebkitanimationend: nullonwebkitanimationiteration: nullonwebkitanimationstart: nullonwebkittransitionend: nullonwheel: nullopen: ƒ open()opener: nullorigin: "null"originAgentCluster: falseouterHeight: 1048outerWidth: 1920pageXOffset: 0pageYOffset: 0parent: Window {window: Window, self: Window, document: document, name: '', location: Location, …}performance: Performance {timeOrigin: 1751516057619.6, onresourcetimingbufferfull: null, timing: PerformanceTiming, navigation: PerformanceNavigation, memory: MemoryInfo, …}personalbar: BarProp {visible: true}postMessage: ƒ postMessage()print: ƒ print()prompt: ƒ prompt()queueMicrotask: ƒ queueMicrotask()releaseEvents: ƒ releaseEvents()reportError: ƒ reportError()requestAnimationFrame: ƒ requestAnimationFrame()requestIdleCallback: ƒ requestIdleCallback()resizeBy: ƒ resizeBy()resizeTo: ƒ resizeTo()scheduler: Scheduler {}screen: Screen {availWidth: 1920, availHeight: 1048, width: 1920, height: 1080, colorDepth: 24, …}screenLeft: 0screenTop: 32screenX: 0screenY: 32scroll: ƒ scroll()scrollBy: ƒ scrollBy()scrollTo: ƒ scrollTo()scrollX: 0scrollY: 0scrollbars: BarProp {visible: true}self: Window {window: Window, self: Window, document: document, name: '', location: Location, …}sessionStorage: (...)setInterval: ƒ setInterval()setTimeout: ƒ setTimeout()speechSynthesis: SpeechSynthesis {pending: false, speaking: false, paused: false, onvoiceschanged: null}status: ""statusbar: BarProp {visible: true}stop: ƒ stop()structuredClone: ƒ structuredClone()styleMedia: StyleMedia {type: 'screen'}toolbar: BarProp {visible: true}top: Window {window: Window, self: Window, document: document, name: '', location: Location, …}trustedTypes: TrustedTypePolicyFactory {emptyHTML: emptyHTML "", emptyScript: emptyScript "", defaultPolicy: null}visualViewport: VisualViewport {offsetLeft: 0, offsetTop: 0, pageLeft: 0, pageTop: 0, width: 305, …}webkitCancelAnimationFrame: ƒ webkitCancelAnimationFrame()webkitRequestAnimationFrame: ƒ webkitRequestAnimationFrame()webkitRequestFileSystem: ƒ webkitRequestFileSystem()webkitResolveLocalFileSystemURL: ƒ webkitResolveLocalFileSystemURL()window: Window {window: Window, self: Window, document: document, name: '', location: Location, …}Infinity: InfinityAICreateMonitor: ƒ AICreateMonitor()AbortController: ƒ AbortController()AbortSignal: ƒ AbortSignal()AbstractRange: ƒ AbstractRange()AggregateError: ƒ AggregateError()AnalyserNode: ƒ AnalyserNode()Animation: ƒ Animation()AnimationEffect: ƒ AnimationEffect()AnimationEvent: ƒ AnimationEvent()AnimationPlaybackEvent: ƒ AnimationPlaybackEvent()AnimationTimeline: ƒ AnimationTimeline()Array: ƒ Array()ArrayBuffer: ƒ ArrayBuffer()Atomics: Atomics {load: ƒ, store: ƒ, add: ƒ, sub: ƒ, and: ƒ, …}Attr: ƒ Attr()Audio: ƒ Audio()AudioBuffer: ƒ AudioBuffer()AudioBufferSourceNode: ƒ AudioBufferSourceNode()AudioContext: ƒ AudioContext()AudioData: ƒ AudioData()AudioDestinationNode: ƒ AudioDestinationNode()AudioListener: ƒ AudioListener()AudioNode: ƒ AudioNode()AudioParam: ƒ AudioParam()AudioParamMap: ƒ AudioParamMap()AudioProcessingEvent: ƒ AudioProcessingEvent()AudioScheduledSourceNode: ƒ AudioScheduledSourceNode()AudioSinkInfo: ƒ AudioSinkInfo()AudioWorkletNode: ƒ AudioWorkletNode()BackgroundFetchManager: ƒ BackgroundFetchManager()BackgroundFetchRecord: ƒ BackgroundFetchRecord()BackgroundFetchRegistration: ƒ BackgroundFetchRegistration()BarProp: ƒ BarProp()BaseAudioContext: ƒ BaseAudioContext()BeforeInstallPromptEvent: ƒ BeforeInstallPromptEvent()BeforeUnloadEvent: ƒ BeforeUnloadEvent()BigInt: ƒ BigInt()BigInt64Array: ƒ BigInt64Array()BigUint64Array: ƒ BigUint64Array()BiquadFilterNode: ƒ BiquadFilterNode()Blob: ƒ Blob()BlobEvent: ƒ BlobEvent()Boolean: ƒ Boolean()BroadcastChannel: ƒ BroadcastChannel()BrowserCaptureMediaStreamTrack: ƒ BrowserCaptureMediaStreamTrack()ByteLengthQueuingStrategy: ƒ ByteLengthQueuingStrategy()CDATASection: ƒ CDATASection()CSS: CSS {highlights: HighlightRegistry, Hz: ƒ, Q: ƒ, cap: ƒ, ch: ƒ, …}CSSAnimation: ƒ CSSAnimation()CSSConditionRule: ƒ CSSConditionRule()CSSContainerRule: ƒ CSSContainerRule()CSSCounterStyleRule: ƒ CSSCounterStyleRule()CSSFontFaceRule: ƒ CSSFontFaceRule()CSSFontPaletteValuesRule: ƒ CSSFontPaletteValuesRule()CSSGroupingRule: ƒ CSSGroupingRule()CSSImageValue: ƒ CSSImageValue()CSSImportRule: ƒ CSSImportRule()CSSKeyframeRule: ƒ CSSKeyframeRule()CSSKeyframesRule: ƒ CSSKeyframesRule()CSSKeywordValue: ƒ CSSKeywordValue()CSSLayerBlockRule: ƒ CSSLayerBlockRule()CSSLayerStatementRule: ƒ CSSLayerStatementRule()CSSMarginRule: ƒ CSSMarginRule()CSSMathClamp: ƒ CSSMathClamp()CSSMathInvert: ƒ CSSMathInvert()CSSMathMax: ƒ CSSMathMax()CSSMathMin: ƒ CSSMathMin()CSSMathNegate: ƒ CSSMathNegate()CSSMathProduct: ƒ CSSMathProduct()CSSMathSum: ƒ CSSMathSum()CSSMathValue: ƒ CSSMathValue()CSSMatrixComponent: ƒ CSSMatrixComponent()CSSMediaRule: ƒ CSSMediaRule()CSSNamespaceRule: ƒ CSSNamespaceRule()CSSNestedDeclarations: ƒ CSSNestedDeclarations()CSSNumericArray: ƒ CSSNumericArray()CSSNumericValue: ƒ CSSNumericValue()CSSPageRule: ƒ CSSPageRule()CSSPerspective: ƒ CSSPerspective()CSSPositionTryDescriptors: ƒ CSSPositionTryDescriptors()CSSPositionTryRule: ƒ CSSPositionTryRule()CSSPositionValue: ƒ CSSPositionValue()CSSPropertyRule: ƒ CSSPropertyRule()CSSRotate: ƒ CSSRotate()CSSRule: ƒ CSSRule()CSSRuleList: ƒ CSSRuleList()CSSScale: ƒ CSSScale()CSSScopeRule: ƒ CSSScopeRule()CSSSkew: ƒ CSSSkew()CSSSkewX: ƒ CSSSkewX()CSSSkewY: ƒ CSSSkewY()CSSStartingStyleRule: ƒ CSSStartingStyleRule()CSSStyleDeclaration: ƒ CSSStyleDeclaration()CSSStyleRule: ƒ CSSStyleRule()CSSStyleSheet: ƒ CSSStyleSheet()CSSStyleValue: ƒ CSSStyleValue()CSSSupportsRule: ƒ CSSSupportsRule()CSSTransformComponent: ƒ CSSTransformComponent()CSSTransformValue: ƒ CSSTransformValue()CSSTransition: ƒ CSSTransition()CSSTranslate: ƒ CSSTranslate()CSSUnitValue: ƒ CSSUnitValue()CSSUnparsedValue: ƒ CSSUnparsedValue()CSSVariableReferenceValue: ƒ CSSVariableReferenceValue()CSSViewTransitionRule: ƒ CSSViewTransitionRule()CanvasCaptureMediaStreamTrack: ƒ CanvasCaptureMediaStreamTrack()CanvasGradient: ƒ CanvasGradient()CanvasPattern: ƒ CanvasPattern()CanvasRenderingContext2D: ƒ CanvasRenderingContext2D()CaretPosition: ƒ CaretPosition()ChannelMergerNode: ƒ ChannelMergerNode()ChannelSplitterNode: ƒ ChannelSplitterNode()ChapterInformation: ƒ ChapterInformation()CharacterBoundsUpdateEvent: ƒ CharacterBoundsUpdateEvent()CharacterData: ƒ CharacterData()ClipboardEvent: ƒ ClipboardEvent()CloseEvent: ƒ CloseEvent()CloseWatcher: ƒ CloseWatcher()Comment: ƒ Comment()CompositionEvent: ƒ CompositionEvent()CompressionStream: ƒ CompressionStream()ConstantSourceNode: ƒ ConstantSourceNode()ContentVisibilityAutoStateChangeEvent: ƒ ContentVisibilityAutoStateChangeEvent()ConvolverNode: ƒ ConvolverNode()CountQueuingStrategy: ƒ CountQueuingStrategy()CropTarget: ƒ CropTarget()Crypto: ƒ Crypto()CustomElementRegistry: ƒ CustomElementRegistry()CustomEvent: ƒ CustomEvent()CustomStateSet: ƒ CustomStateSet()DOMError: ƒ DOMError()DOMException: ƒ DOMException()DOMImplementation: ƒ DOMImplementation()DOMMatrix: ƒ DOMMatrix()DOMMatrixReadOnly: ƒ DOMMatrixReadOnly()DOMParser: ƒ DOMParser()DOMPoint: ƒ DOMPoint()DOMPointReadOnly: ƒ DOMPointReadOnly()DOMQuad: ƒ DOMQuad()DOMRect: ƒ DOMRect()DOMRectList: ƒ DOMRectList()DOMRectReadOnly: ƒ DOMRectReadOnly()DOMStringList: ƒ DOMStringList()DOMStringMap: ƒ DOMStringMap()DOMTokenList: ƒ DOMTokenList()DataTransfer: ƒ DataTransfer()DataTransferItem: ƒ DataTransferItem()DataTransferItemList: ƒ DataTransferItemList()DataView: ƒ DataView()Date: ƒ Date()DecompressionStream: ƒ DecompressionStream()DelayNode: ƒ DelayNode()DelegatedInkTrailPresenter: ƒ DelegatedInkTrailPresenter()Document: ƒ Document()DocumentFragment: ƒ DocumentFragment()DocumentPictureInPictureEvent: ƒ DocumentPictureInPictureEvent()DocumentTimeline: ƒ DocumentTimeline()DocumentType: ƒ DocumentType()DragEvent: ƒ DragEvent()DynamicsCompressorNode: ƒ DynamicsCompressorNode()EditContext: ƒ EditContext()Element: ƒ Element()ElementInternals: ƒ ElementInternals()EncodedAudioChunk: ƒ EncodedAudioChunk()EncodedVideoChunk: ƒ EncodedVideoChunk()Error: ƒ Error()ErrorEvent: ƒ ErrorEvent()EvalError: ƒ EvalError()Event: ƒ Event()EventCounts: ƒ EventCounts()EventSource: ƒ EventSource()EventTarget: ƒ EventTarget()External: ƒ External()FeaturePolicy: ƒ FeaturePolicy()File: ƒ File()FileList: ƒ FileList()FileReader: ƒ FileReader()FinalizationRegistry: ƒ FinalizationRegistry()Float32Array: ƒ Float32Array()Float64Array: ƒ Float64Array()FocusEvent: ƒ FocusEvent()FontFace: ƒ FontFace()FontFaceSetLoadEvent: ƒ FontFaceSetLoadEvent()FormData: ƒ FormData()FormDataEvent: ƒ FormDataEvent()Function: ƒ Function()GainNode: ƒ GainNode()Gamepad: ƒ Gamepad()GamepadButton: ƒ GamepadButton()GamepadEvent: ƒ GamepadEvent()GamepadHapticActuator: ƒ GamepadHapticActuator()Geolocation: ƒ Geolocation()GeolocationCoordinates: ƒ GeolocationCoordinates()GeolocationPosition: ƒ GeolocationPosition()GeolocationPositionError: ƒ GeolocationPositionError()HTMLAllCollection: ƒ HTMLAllCollection()HTMLAnchorElement: ƒ HTMLAnchorElement()HTMLAreaElement: ƒ HTMLAreaElement()HTMLAudioElement: ƒ HTMLAudioElement()HTMLBRElement: ƒ HTMLBRElement()HTMLBaseElement: ƒ HTMLBaseElement()HTMLBodyElement: ƒ HTMLBodyElement()HTMLButtonElement: ƒ HTMLButtonElement()HTMLCanvasElement: ƒ HTMLCanvasElement()HTMLCollection: ƒ HTMLCollection()HTMLDListElement: ƒ HTMLDListElement()HTMLDataElement: ƒ HTMLDataElement()HTMLDataListElement: ƒ HTMLDataListElement()HTMLDetailsElement: ƒ HTMLDetailsElement()HTMLDialogElement: ƒ HTMLDialogElement()HTMLDirectoryElement: ƒ HTMLDirectoryElement()HTMLDivElement: ƒ HTMLDivElement()HTMLDocument: ƒ HTMLDocument()HTMLElement: ƒ HTMLElement()HTMLEmbedElement: ƒ HTMLEmbedElement()HTMLFieldSetElement: ƒ HTMLFieldSetElement()HTMLFontElement: ƒ HTMLFontElement()HTMLFormControlsCollection: ƒ HTMLFormControlsCollection()HTMLFormElement: ƒ HTMLFormElement()HTMLFrameElement: ƒ HTMLFrameElement()HTMLFrameSetElement: ƒ HTMLFrameSetElement()HTMLHRElement: ƒ HTMLHRElement()HTMLHeadElement: ƒ HTMLHeadElement()HTMLHeadingElement: ƒ HTMLHeadingElement()HTMLHtmlElement: ƒ HTMLHtmlElement()HTMLIFrameElement: ƒ HTMLIFrameElement()HTMLImageElement: ƒ HTMLImageElement()HTMLInputElement: ƒ HTMLInputElement()HTMLLIElement: ƒ HTMLLIElement()HTMLLabelElement: ƒ HTMLLabelElement()HTMLLegendElement: ƒ HTMLLegendElement()HTMLLinkElement: ƒ HTMLLinkElement()HTMLMapElement: ƒ HTMLMapElement()HTMLMarqueeElement: ƒ HTMLMarqueeElement()HTMLMediaElement: ƒ HTMLMediaElement()HTMLMenuElement: ƒ HTMLMenuElement()HTMLMetaElement: ƒ HTMLMetaElement()HTMLMeterElement: ƒ HTMLMeterElement()HTMLModElement: ƒ HTMLModElement()HTMLOListElement: ƒ HTMLOListElement()HTMLObjectElement: ƒ HTMLObjectElement()HTMLOptGroupElement: ƒ HTMLOptGroupElement()HTMLOptionElement: ƒ HTMLOptionElement()HTMLOptionsCollection: ƒ HTMLOptionsCollection()HTMLOutputElement: ƒ HTMLOutputElement()HTMLParagraphElement: ƒ HTMLParagraphElement()HTMLParamElement: ƒ HTMLParamElement()HTMLPictureElement: ƒ HTMLPictureElement()HTMLPreElement: ƒ HTMLPreElement()HTMLProgressElement: ƒ HTMLProgressElement()HTMLQuoteElement: ƒ HTMLQuoteElement()HTMLScriptElement: ƒ HTMLScriptElement()HTMLSelectElement: ƒ HTMLSelectElement()HTMLSlotElement: ƒ HTMLSlotElement()HTMLSourceElement: ƒ HTMLSourceElement()HTMLSpanElement: ƒ HTMLSpanElement()HTMLStyleElement: ƒ HTMLStyleElement()HTMLTableCaptionElement: ƒ HTMLTableCaptionElement()HTMLTableCellElement: ƒ HTMLTableCellElement()HTMLTableColElement: ƒ HTMLTableColElement()HTMLTableElement: ƒ HTMLTableElement()HTMLTableRowElement: ƒ HTMLTableRowElement()HTMLTableSectionElement: ƒ HTMLTableSectionElement()HTMLTemplateElement: ƒ HTMLTemplateElement()HTMLTextAreaElement: ƒ HTMLTextAreaElement()HTMLTimeElement: ƒ HTMLTimeElement()HTMLTitleElement: ƒ HTMLTitleElement()HTMLTrackElement: ƒ HTMLTrackElement()HTMLUListElement: ƒ HTMLUListElement()HTMLUnknownElement: ƒ HTMLUnknownElement()HTMLVideoElement: ƒ HTMLVideoElement()HashChangeEvent: ƒ HashChangeEvent()Headers: ƒ Headers()Highlight: ƒ Highlight()HighlightRegistry: ƒ HighlightRegistry()History: ƒ History()IDBCursor: ƒ IDBCursor()IDBCursorWithValue: ƒ IDBCursorWithValue()IDBDatabase: ƒ IDBDatabase()IDBFactory: ƒ IDBFactory()IDBIndex: ƒ IDBIndex()IDBKeyRange: ƒ IDBKeyRange()IDBObjectStore: ƒ IDBObjectStore()IDBOpenDBRequest: ƒ IDBOpenDBRequest()IDBRequest: ƒ IDBRequest()IDBTransaction: ƒ IDBTransaction()IDBVersionChangeEvent: ƒ IDBVersionChangeEvent()IIRFilterNode: ƒ IIRFilterNode()IdleDeadline: ƒ IdleDeadline()Image: ƒ Image()ImageBitmap: ƒ ImageBitmap()ImageBitmapRenderingContext: ƒ ImageBitmapRenderingContext()ImageCapture: ƒ ImageCapture()ImageData: ƒ ImageData()Ink: ƒ Ink()InputDeviceCapabilities: ƒ InputDeviceCapabilities()InputDeviceInfo: ƒ InputDeviceInfo()InputEvent: ƒ InputEvent()Int8Array: ƒ Int8Array()Int16Array: ƒ Int16Array()Int32Array: ƒ Int32Array()IntersectionObserver: ƒ IntersectionObserver()IntersectionObserverEntry: ƒ IntersectionObserverEntry()Intl: Intl {getCanonicalLocales: ƒ, supportedValuesOf: ƒ, DateTimeFormat: ƒ, NumberFormat: ƒ, Collator: ƒ, …}Iterator: ƒ Iterator()JSON: JSON {Symbol(Symbol.toStringTag): 'JSON', parse: ƒ, stringify: ƒ, rawJSON: ƒ, isRawJSON: ƒ}KeyboardEvent: ƒ KeyboardEvent()KeyframeEffect: ƒ KeyframeEffect()LargestContentfulPaint: ƒ LargestContentfulPaint()LayoutShift: ƒ LayoutShift()LayoutShiftAttribution: ƒ LayoutShiftAttribution()Location: ƒ Location()Map: ƒ Map()Math: Math {abs: ƒ, acos: ƒ, acosh: ƒ, asin: ƒ, asinh: ƒ, …}MathMLElement: ƒ MathMLElement()MediaCapabilities: ƒ MediaCapabilities()MediaElementAudioSourceNode: ƒ MediaElementAudioSourceNode()MediaEncryptedEvent: ƒ MediaEncryptedEvent()MediaError: ƒ MediaError()MediaList: ƒ MediaList()MediaMetadata: ƒ MediaMetadata()MediaQueryList: ƒ MediaQueryList()MediaQueryListEvent: ƒ MediaQueryListEvent()MediaRecorder: ƒ MediaRecorder()MediaSession: ƒ MediaSession()MediaSource: ƒ MediaSource()MediaSourceHandle: ƒ MediaSourceHandle()MediaStream: ƒ MediaStream()MediaStreamAudioDestinationNode: ƒ MediaStreamAudioDestinationNode()MediaStreamAudioSourceNode: ƒ MediaStreamAudioSourceNode()MediaStreamEvent: ƒ MediaStreamEvent()MediaStreamTrack: ƒ MediaStreamTrack()MediaStreamTrackAudioStats: ƒ MediaStreamTrackAudioStats()MediaStreamTrackEvent: ƒ MediaStreamTrackEvent()MediaStreamTrackGenerator: ƒ MediaStreamTrackGenerator()MediaStreamTrackProcessor: ƒ MediaStreamTrackProcessor()MediaStreamTrackVideoStats: ƒ MediaStreamTrackVideoStats()MessageChannel: ƒ MessageChannel()MessageEvent: ƒ MessageEvent()MessagePort: ƒ MessagePort()MimeType: ƒ MimeType()MimeTypeArray: ƒ MimeTypeArray()MouseEvent: ƒ MouseEvent()MutationObserver: ƒ MutationObserver()MutationRecord: ƒ MutationRecord()NaN: NaNNamedNodeMap: ƒ NamedNodeMap()NavigateEvent: ƒ NavigateEvent()Navigation: ƒ Navigation()NavigationActivation: ƒ NavigationActivation()NavigationCurrentEntryChangeEvent: ƒ NavigationCurrentEntryChangeEvent()NavigationDestination: ƒ NavigationDestination()NavigationHistoryEntry: ƒ NavigationHistoryEntry()NavigationTransition: ƒ NavigationTransition()Navigator: ƒ Navigator()NavigatorUAData: ƒ NavigatorUAData()NetworkInformation: ƒ NetworkInformation()Node: ƒ Node()NodeFilter: ƒ NodeFilter()NodeIterator: ƒ NodeIterator()NodeList: ƒ NodeList()NotRestoredReasonDetails: ƒ NotRestoredReasonDetails()NotRestoredReasons: ƒ NotRestoredReasons()Notification: ƒ Notification()Number: ƒ Number()Object: ƒ Object()OfflineAudioCompletionEvent: ƒ OfflineAudioCompletionEvent()OfflineAudioContext: ƒ OfflineAudioContext()OffscreenCanvas: ƒ OffscreenCanvas()OffscreenCanvasRenderingContext2D: ƒ OffscreenCanvasRenderingContext2D()Option: ƒ Option()OscillatorNode: ƒ OscillatorNode()OverconstrainedError: ƒ OverconstrainedError()PageRevealEvent: ƒ PageRevealEvent()PageSwapEvent: ƒ PageSwapEvent()PageTransitionEvent: ƒ PageTransitionEvent()PannerNode: ƒ PannerNode()Path2D: ƒ Path2D()Performance: ƒ Performance()PerformanceElementTiming: ƒ PerformanceElementTiming()PerformanceEntry: ƒ PerformanceEntry()PerformanceEventTiming: ƒ PerformanceEventTiming()PerformanceLongAnimationFrameTiming: ƒ PerformanceLongAnimationFrameTiming()PerformanceLongTaskTiming: ƒ PerformanceLongTaskTiming()PerformanceMark: ƒ PerformanceMark()PerformanceMeasure: ƒ PerformanceMeasure()PerformanceNavigation: ƒ PerformanceNavigation()PerformanceNavigationTiming: ƒ PerformanceNavigationTiming()PerformanceObserver: ƒ PerformanceObserver()PerformanceObserverEntryList: ƒ PerformanceObserverEntryList()PerformancePaintTiming: ƒ PerformancePaintTiming()PerformanceResourceTiming: ƒ PerformanceResourceTiming()PerformanceScriptTiming: ƒ PerformanceScriptTiming()PerformanceServerTiming: ƒ PerformanceServerTiming()PerformanceTiming: ƒ PerformanceTiming()PeriodicSyncManager: ƒ PeriodicSyncManager()PeriodicWave: ƒ PeriodicWave()PermissionStatus: ƒ PermissionStatus()Permissions: ƒ Permissions()PictureInPictureEvent: ƒ PictureInPictureEvent()PictureInPictureWindow: ƒ PictureInPictureWindow()Plugin: ƒ Plugin()PluginArray: ƒ PluginArray()PointerEvent: ƒ PointerEvent()PopStateEvent: ƒ PopStateEvent()ProcessingInstruction: ƒ ProcessingInstruction()Profiler: ƒ Profiler()ProgressEvent: ƒ ProgressEvent()Promise: ƒ Promise()PromiseRejectionEvent: ƒ PromiseRejectionEvent()Proxy: ƒ Proxy()PushManager: ƒ PushManager()PushSubscription: ƒ PushSubscription()PushSubscriptionOptions: ƒ PushSubscriptionOptions()RTCCertificate: ƒ RTCCertificate()RTCDTMFSender: ƒ RTCDTMFSender()RTCDTMFToneChangeEvent: ƒ RTCDTMFToneChangeEvent()RTCDataChannel: ƒ RTCDataChannel()RTCDataChannelEvent: ƒ RTCDataChannelEvent()RTCDtlsTransport: ƒ RTCDtlsTransport()RTCEncodedAudioFrame: ƒ RTCEncodedAudioFrame()RTCEncodedVideoFrame: ƒ RTCEncodedVideoFrame()RTCError: ƒ RTCError()RTCErrorEvent: ƒ RTCErrorEvent()RTCIceCandidate: ƒ RTCIceCandidate()RTCIceTransport: ƒ RTCIceTransport()RTCPeerConnection: ƒ RTCPeerConnection()RTCPeerConnectionIceErrorEvent: ƒ RTCPeerConnectionIceErrorEvent()RTCPeerConnectionIceEvent: ƒ RTCPeerConnectionIceEvent()RTCRtpReceiver: ƒ RTCRtpReceiver()RTCRtpSender: ƒ RTCRtpSender()RTCRtpTransceiver: ƒ RTCRtpTransceiver()RTCSctpTransport: ƒ RTCSctpTransport()RTCSessionDescription: ƒ RTCSessionDescription()RTCStatsReport: ƒ RTCStatsReport()RTCTrackEvent: ƒ RTCTrackEvent()RadioNodeList: ƒ RadioNodeList()Range: ƒ Range()RangeError: ƒ RangeError()ReadableByteStreamController: ƒ ReadableByteStreamController()ReadableStream: ƒ ReadableStream()ReadableStreamBYOBReader: ƒ ReadableStreamBYOBReader()ReadableStreamBYOBRequest: ƒ ReadableStreamBYOBRequest()ReadableStreamDefaultController: ƒ ReadableStreamDefaultController()ReadableStreamDefaultReader: ƒ ReadableStreamDefaultReader()ReferenceError: ƒ ReferenceError()Reflect: Reflect {defineProperty: ƒ, deleteProperty: ƒ, apply: ƒ, construct: ƒ, get: ƒ, …}RegExp: ƒ RegExp()RemotePlayback: ƒ RemotePlayback()ReportingObserver: ƒ ReportingObserver()Request: ƒ Request()ResizeObserver: ƒ ResizeObserver()ResizeObserverEntry: ƒ ResizeObserverEntry()ResizeObserverSize: ƒ ResizeObserverSize()Response: ƒ Response()RestrictionTarget: ƒ RestrictionTarget()SVGAElement: ƒ SVGAElement()SVGAngle: ƒ SVGAngle()SVGAnimateElement: ƒ SVGAnimateElement()SVGAnimateMotionElement: ƒ SVGAnimateMotionElement()SVGAnimateTransformElement: ƒ SVGAnimateTransformElement()SVGAnimatedAngle: ƒ SVGAnimatedAngle()SVGAnimatedBoolean: ƒ SVGAnimatedBoolean()SVGAnimatedEnumeration: ƒ SVGAnimatedEnumeration()SVGAnimatedInteger: ƒ SVGAnimatedInteger()SVGAnimatedLength: ƒ SVGAnimatedLength()SVGAnimatedLengthList: ƒ SVGAnimatedLengthList()SVGAnimatedNumber: ƒ SVGAnimatedNumber()SVGAnimatedNumberList: ƒ SVGAnimatedNumberList()SVGAnimatedPreserveAspectRatio: ƒ SVGAnimatedPreserveAspectRatio()SVGAnimatedRect: ƒ SVGAnimatedRect()SVGAnimatedString: ƒ SVGAnimatedString()SVGAnimatedTransformList: ƒ SVGAnimatedTransformList()SVGAnimationElement: ƒ SVGAnimationElement()SVGCircleElement: ƒ SVGCircleElement()SVGClipPathElement: ƒ SVGClipPathElement()SVGComponentTransferFunctionElement: ƒ SVGComponentTransferFunctionElement()SVGDefsElement: ƒ SVGDefsElement()SVGDescElement: ƒ SVGDescElement()SVGElement: ƒ SVGElement()SVGEllipseElement: ƒ SVGEllipseElement()SVGFEBlendElement: ƒ SVGFEBlendElement()SVGFEColorMatrixElement: ƒ SVGFEColorMatrixElement()SVGFEComponentTransferElement: ƒ SVGFEComponentTransferElement()SVGFECompositeElement: ƒ SVGFECompositeElement()SVGFEConvolveMatrixElement: ƒ SVGFEConvolveMatrixElement()SVGFEDiffuseLightingElement: ƒ SVGFEDiffuseLightingElement()SVGFEDisplacementMapElement: ƒ SVGFEDisplacementMapElement()SVGFEDistantLightElement: ƒ SVGFEDistantLightElement()SVGFEDropShadowElement: ƒ SVGFEDropShadowElement()SVGFEFloodElement: ƒ SVGFEFloodElement()SVGFEFuncAElement: ƒ SVGFEFuncAElement()SVGFEFuncBElement: ƒ SVGFEFuncBElement()SVGFEFuncGElement: ƒ SVGFEFuncGElement()SVGFEFuncRElement: ƒ SVGFEFuncRElement()SVGFEGaussianBlurElement: ƒ SVGFEGaussianBlurElement()SVGFEImageElement: ƒ SVGFEImageElement()SVGFEMergeElement: ƒ SVGFEMergeElement()SVGFEMergeNodeElement: ƒ SVGFEMergeNodeElement()SVGFEMorphologyElement: ƒ SVGFEMorphologyElement()SVGFEOffsetElement: ƒ SVGFEOffsetElement()SVGFEPointLightElement: ƒ SVGFEPointLightElement()SVGFESpecularLightingElement: ƒ SVGFESpecularLightingElement()SVGFESpotLightElement: ƒ SVGFESpotLightElement()SVGFETileElement: ƒ SVGFETileElement()SVGFETurbulenceElement: ƒ SVGFETurbulenceElement()SVGFilterElement: ƒ SVGFilterElement()SVGForeignObjectElement: ƒ SVGForeignObjectElement()SVGGElement: ƒ SVGGElement()SVGGeometryElement: ƒ SVGGeometryElement()SVGGradientElement: ƒ SVGGradientElement()SVGGraphicsElement: ƒ SVGGraphicsElement()SVGImageElement: ƒ SVGImageElement()SVGLength: ƒ SVGLength()SVGLengthList: ƒ SVGLengthList()SVGLineElement: ƒ SVGLineElement()SVGLinearGradientElement: ƒ SVGLinearGradientElement()SVGMPathElement: ƒ SVGMPathElement()SVGMarkerElement: ƒ SVGMarkerElement()SVGMaskElement: ƒ SVGMaskElement()SVGMatrix: ƒ SVGMatrix()SVGMetadataElement: ƒ SVGMetadataElement()SVGNumber: ƒ SVGNumber()SVGNumberList: ƒ SVGNumberList()SVGPathElement: ƒ SVGPathElement()SVGPatternElement: ƒ SVGPatternElement()SVGPoint: ƒ SVGPoint()SVGPointList: ƒ SVGPointList()SVGPolygonElement: ƒ SVGPolygonElement()SVGPolylineElement: ƒ SVGPolylineElement()SVGPreserveAspectRatio: ƒ SVGPreserveAspectRatio()SVGRadialGradientElement: ƒ SVGRadialGradientElement()SVGRect: ƒ SVGRect()SVGRectElement: ƒ SVGRectElement()SVGSVGElement: ƒ SVGSVGElement()SVGScriptElement: ƒ SVGScriptElement()SVGSetElement: ƒ SVGSetElement()SVGStopElement: ƒ SVGStopElement()SVGStringList: ƒ SVGStringList()SVGStyleElement: ƒ SVGStyleElement()SVGSwitchElement: ƒ SVGSwitchElement()SVGSymbolElement: ƒ SVGSymbolElement()SVGTSpanElement: ƒ SVGTSpanElement()SVGTextContentElement: ƒ SVGTextContentElement()SVGTextElement: ƒ SVGTextElement()SVGTextPathElement: ƒ SVGTextPathElement()SVGTextPositioningElement: ƒ SVGTextPositioningElement()SVGTitleElement: ƒ SVGTitleElement()SVGTransform: ƒ SVGTransform()SVGTransformList: ƒ SVGTransformList()SVGUnitTypes: ƒ SVGUnitTypes()SVGUseElement: ƒ SVGUseElement()SVGViewElement: ƒ SVGViewElement()Scheduler: ƒ Scheduler()Scheduling: ƒ Scheduling()Screen: ƒ Screen()ScreenOrientation: ƒ ScreenOrientation()ScriptProcessorNode: ƒ ScriptProcessorNode()ScrollTimeline: ƒ ScrollTimeline()SecurityPolicyViolationEvent: ƒ SecurityPolicyViolationEvent()Selection: ƒ Selection()Set: ƒ Set()ShadowRoot: ƒ ShadowRoot()SharedWorker: ƒ SharedWorker()SnapEvent: ƒ SnapEvent()SourceBuffer: ƒ SourceBuffer()SourceBufferList: ƒ SourceBufferList()SpeechSynthesis: ƒ SpeechSynthesis()SpeechSynthesisErrorEvent: ƒ SpeechSynthesisErrorEvent()SpeechSynthesisEvent: ƒ SpeechSynthesisEvent()SpeechSynthesisUtterance: ƒ SpeechSynthesisUtterance()SpeechSynthesisVoice: ƒ SpeechSynthesisVoice()StaticRange: ƒ StaticRange()StereoPannerNode: ƒ StereoPannerNode()Storage: ƒ Storage()StorageEvent: ƒ StorageEvent()String: ƒ String()StylePropertyMap: ƒ StylePropertyMap()StylePropertyMapReadOnly: ƒ StylePropertyMapReadOnly()StyleSheet: ƒ StyleSheet()StyleSheetList: ƒ StyleSheetList()SubmitEvent: ƒ SubmitEvent()Symbol: ƒ Symbol()SyncManager: ƒ SyncManager()SyntaxError: ƒ SyntaxError()TaskAttributionTiming: ƒ TaskAttributionTiming()TaskController: ƒ TaskController()TaskPriorityChangeEvent: ƒ TaskPriorityChangeEvent()TaskSignal: ƒ TaskSignal()Text: ƒ Text()TextDecoder: ƒ TextDecoder()TextDecoderStream: ƒ TextDecoderStream()TextEncoder: ƒ TextEncoder()TextEncoderStream: ƒ TextEncoderStream()TextEvent: ƒ TextEvent()TextFormat: ƒ TextFormat()TextFormatUpdateEvent: ƒ TextFormatUpdateEvent()TextMetrics: ƒ TextMetrics()TextTrack: ƒ TextTrack()TextTrackCue: ƒ TextTrackCue()TextTrackCueList: ƒ TextTrackCueList()TextTrackList: ƒ TextTrackList()TextUpdateEvent: ƒ TextUpdateEvent()TimeRanges: ƒ TimeRanges()ToggleEvent: ƒ ToggleEvent()Touch: ƒ Touch()TouchEvent: ƒ TouchEvent()TouchList: ƒ TouchList()TrackEvent: ƒ TrackEvent()TransformStream: ƒ TransformStream()TransformStreamDefaultController: ƒ TransformStreamDefaultController()TransitionEvent: ƒ TransitionEvent()TreeWalker: ƒ TreeWalker()TrustedHTML: ƒ TrustedHTML()TrustedScript: ƒ TrustedScript()TrustedScriptURL: ƒ TrustedScriptURL()TrustedTypePolicy: ƒ TrustedTypePolicy()TrustedTypePolicyFactory: ƒ TrustedTypePolicyFactory()TypeError: ƒ TypeError()UIEvent: ƒ UIEvent()URIError: ƒ URIError()URL: ƒ URL()URLPattern: ƒ URLPattern()URLSearchParams: ƒ URLSearchParams()Uint8Array: ƒ Uint8Array()Uint8ClampedArray: ƒ Uint8ClampedArray()Uint16Array: ƒ Uint16Array()Uint32Array: ƒ Uint32Array()UserActivation: ƒ UserActivation()VTTCue: ƒ VTTCue()ValidityState: ƒ ValidityState()VideoColorSpace: ƒ VideoColorSpace()VideoFrame: ƒ VideoFrame()VideoPlaybackQuality: ƒ VideoPlaybackQuality()ViewTimeline: ƒ ViewTimeline()ViewTransition: ƒ ViewTransition()ViewTransitionTypeSet: ƒ ViewTransitionTypeSet()VirtualKeyboardGeometryChangeEvent: ƒ VirtualKeyboardGeometryChangeEvent()VisibilityStateEntry: ƒ VisibilityStateEntry()VisualViewport: ƒ VisualViewport()WaveShaperNode: ƒ WaveShaperNode()WeakMap: ƒ WeakMap()WeakRef: ƒ WeakRef()WeakSet: ƒ WeakSet()WebAssembly: WebAssembly {compile: ƒ, validate: ƒ, instantiate: ƒ, compileStreaming: ƒ, instantiateStreaming: ƒ, …}WebGL2RenderingContext: ƒ WebGL2RenderingContext()WebGLActiveInfo: ƒ WebGLActiveInfo()WebGLBuffer: ƒ WebGLBuffer()WebGLContextEvent: ƒ WebGLContextEvent()WebGLFramebuffer: ƒ WebGLFramebuffer()WebGLObject: ƒ WebGLObject()WebGLProgram: ƒ WebGLProgram()WebGLQuery: ƒ WebGLQuery()WebGLRenderbuffer: ƒ WebGLRenderbuffer()WebGLRenderingContext: ƒ WebGLRenderingContext()WebGLSampler: ƒ WebGLSampler()WebGLShader: ƒ WebGLShader()WebGLShaderPrecisionFormat: ƒ WebGLShaderPrecisionFormat()WebGLSync: ƒ WebGLSync()WebGLTexture: ƒ WebGLTexture()WebGLTransformFeedback: ƒ WebGLTransformFeedback()WebGLUniformLocation: ƒ WebGLUniformLocation()WebGLVertexArrayObject: ƒ WebGLVertexArrayObject()WebKitCSSMatrix: ƒ DOMMatrix()WebKitMutationObserver: ƒ MutationObserver()WebSocket: ƒ WebSocket()WebSocketError: ƒ WebSocketError()WebSocketStream: ƒ WebSocketStream()WheelEvent: ƒ WheelEvent()Window: ƒ Window()WindowControlsOverlay: ƒ WindowControlsOverlay()WindowControlsOverlayGeometryChangeEvent: ƒ WindowControlsOverlayGeometryChangeEvent()Worker: ƒ Worker()WritableStream: ƒ WritableStream()WritableStreamDefaultController: ƒ WritableStreamDefaultController()WritableStreamDefaultWriter: ƒ WritableStreamDefaultWriter()XMLDocument: ƒ XMLDocument()XMLHttpRequest: ƒ XMLHttpRequest()XMLHttpRequestEventTarget: ƒ XMLHttpRequestEventTarget()XMLHttpRequestUpload: ƒ XMLHttpRequestUpload()XMLSerializer: ƒ XMLSerializer()XPathEvaluator: ƒ XPathEvaluator()XPathExpression: ƒ XPathExpression()XPathResult: ƒ XPathResult()XSLTProcessor: ƒ XSLTProcessor()console: console {debug: ƒ, error: ƒ, info: ƒ, log: ƒ, warn: ƒ, …}decodeURI: ƒ decodeURI()decodeURIComponent: ƒ decodeURIComponent()encodeURI: ƒ encodeURI()encodeURIComponent: ƒ encodeURIComponent()escape: ƒ escape()eval: ƒ eval()globalThis: Window {window: Window, self: Window, document: document, name: '', location: Location, …}isFinite: ƒ isFinite()isNaN: ƒ isNaN()offscreenBuffering: trueparseFloat: ƒ parseFloat()parseInt: ƒ parseInt()undefined: undefinedunescape: ƒ unescape()webkitMediaStream: ƒ MediaStream()webkitRTCPeerConnection: ƒ RTCPeerConnection()webkitSpeechGrammar: ƒ SpeechGrammar()webkitSpeechGrammarList: ƒ SpeechGrammarList()webkitSpeechRecognition: ƒ SpeechRecognition()webkitSpeechRecognitionError: ƒ SpeechRecognitionErrorEvent()webkitSpeechRecognitionEvent: ƒ SpeechRecognitionEvent()webkitURL: ƒ URL()get localStorage: ƒ localStorage()get sessionStorage: ƒ sessionStorage()[[Prototype]]: Window
a;
10
window.a;
undefined
a = 10;
VM2261:1 Uncaught TypeError: Assignment to constant variable.
    at <anonymous>:1:3
(anonymous) @ VM2261:1
var t = 90;
undefined
t;
90
window.t;
90
yash;
{name: 'Yash', course: 'Btech', CN: 50, maths: 70, DBMS: 80}
let yashName = yash["name"];
undefined
yashName;
'Yash'
let {name} = yash;
undefined
name;
'Yash'
arr;
(6) [10, 20, 30, 40, 900, 60]
let [first , second] = arr;
undefined
first;
10
second;
20
let [, , , d , e] = arr;
undefined
d;
40
e;
900
arr;
(6) [10, 20, 30, 40, 900, 60]
arr.map((ele)=>ele + 10);
(6) [20, 30, 40, 50, 910, 70]
let price = [100 , 200 , 300 , 400 , 500];
undefined
price.map((ele)=>ele * 0.9);
(5) [90, 180, 270, 360, 450]
price.filter(()=>ele >=300);
VM2976:1 Uncaught ReferenceError: ele is not defined
    at <anonymous>:1:22
    at Array.filter (<anonymous>)
    at <anonymous>:1:7
(anonymous) @ VM2976:1
(anonymous) @ VM2976:1
price.filter((ele)=>ele >=300);
(3) [300, 400, 500]
price.reduce((acc , ele)=>acc + ele);
1500
price.reduce((acc , ele)=>acc + ele , 0);
1500
price.findIndex((ele)=>ele == 400);
3
price.find((ele)=>ele == 400);
400
//Asyncronous Programming 
undefined
setTimeout(()=>console.log("Hello Yash") , 4000);
1
VM3382:1 Hello Yash
setTimeout(()=>console.log("Hello Yash") , 4000);
console.log("THis is sync");
VM3440:2 THis is sync
undefined
VM3440:1 Hello Yash
 let interval = setInterval(()=>{
     console.log("Interval");
 } , 3000);
undefined
VM3559:2 Interval
VM3559:2 Interval
VM3559:2 Interval
VM3559:2 Interval
VM3559:2 Interval
VM3559:2 Interval
VM3559:2 Interval
VM3559:2 Interval
VM3559:2 Interval
VM3559:2 Interval
VM3559:2 Interval
VM3559:2 Interval
VM3559:2 Interval
VM3559:2 Interval
VM3559:2 Interval
VM3559:2 Interval
VM3559:2 Interval
VM3559:2 Interval
VM3559:2 Interval
VM3559:2 Interval
VM3559:2 Interval
VM3559:2 Interval
VM3559:2 Interval
VM3559:2 Interval
VM3559:2 Interval
VM3559:2 Interval
VM3559:2 Interval
VM3559:2 Interval
VM3559:2 Interval
VM3559:2 Interval
VM3559:2 Interval
VM3559:2 Interval
VM3559:2 Interval
VM3559:2 Interval
VM3559:2 Interval
VM3559:2 Interval
VM3559:2 Interval
VM3559:2 Interval
VM3559:2 Interval
VM3559:2 Interval
VM3559:2 Interval
VM3559:2 Interval
VM3559:2 Interval
VM3559:2 Interval
VM3559:2 Interval
clearInterval(interval);
undefined
function cube(n){
    setTimeout(()=>{
        let ans =  n * n * n;
        return ans;
    });
}
undefined
cube(3);
undefined
function print(ans){
    console.log(ans);
}
    
undefined
function cube(n , callback){
    setTimeout(()=>{
        let ans =  n * n * n;
        callback(ans);
    });
}
undefined
function cube(n){
    setTimeout(()=>{
        let ans =  n * n * n;
        return ans;
    } , 3000);
}
undefined
cube(3 , print);
undefined
function cube(n , callback){
    setTimeout(()=>{
        let ans =  n * n * n;
        callback(ans);
    } , 3000);
}
undefined
cube(3 , print);
undefined
VM3858:2 27
function cube(n){
    const promise = new Promise((res , rej)=>{
        setTimeout(()=>{
        let ans =  n * n * n;
        res(ans);
    } , 3000);
    })

    return promise;
}
undefined
cube(3);
Promise {<pending>}[[Prototype]]: Promise[[PromiseState]]: "fulfilled"[[PromiseResult]]: 27
cube(3).then((ans)=>console.log(ans)).catch((err)=>console.log(err));\
VM4360:1 Uncaught SyntaxError: Invalid or unexpected token
cube(3).then((ans)=>console.log(ans)).catch((err)=>console.log(err));
Promise {<pending>}
VM4366:1 27
function cube(n){
    const promise = new Promise((res , rej)=>{
        setTimeout(()=>{
        let ans =  n * n * n;
        rej("Hame nhi pta");
    } , 3000);
    })

    return promise;
}
undefined
cube(3).then((ans)=>console.log(ans)).catch((err)=>console.log(err));
Promise {<pending>}
VM4416:1 Hame nhi pta
